<?xml version="1.0" encoding="UTF-8"?>
<!-- Generated by org.testng.reporters.JUnitReportReporter -->
<testsuite hostname="DESKTOP-KRH0EH3" failures="0" tests="1" name="HIghLevel.B11_Array" time="51.146" errors="0" timestamp="2023-07-14T13:37:18 IST" skipped="0">
  <testcase classname="HIghLevel.B11_Array" name="functinality" time="51.146"/>
</testsuite> <!-- HIghLevel.B11_Array -->
