<?xml version="1.0" encoding="UTF-8"?>
<!-- Generated by org.testng.reporters.JUnitReportReporter -->
<testsuite hostname="DESKTOP-KRH0EH3" failures="0" tests="12" name="ALevelPrograms.A4_Information_Commands" time="0.001" errors="0" timestamp="2023-09-08T12:27:31 IST" skipped="12">
  <testcase classname="ALevelPrograms.A4_Information_Commands" name="Gmail" time="0.000">
    <skipped/>
  </testcase> <!-- Gmail -->
  <testcase classname="ALevelPrograms.A4_Information_Commands" name="Gmail" time="0.001">
    <skipped/>
  </testcase> <!-- Gmail -->
  <testcase classname="ALevelPrograms.A4_Information_Commands" name="Gmail" time="0.000">
    <skipped/>
  </testcase> <!-- Gmail -->
  <testcase classname="ALevelPrograms.A4_Information_Commands" name="Gmail" time="0.000">
    <skipped/>
  </testcase> <!-- Gmail -->
  <testcase classname="ALevelPrograms.A4_Information_Commands" name="google_image" time="0.000">
    <skipped/>
  </testcase> <!-- google_image -->
  <testcase classname="ALevelPrograms.A4_Information_Commands" name="google_image" time="0.000">
    <skipped/>
  </testcase> <!-- google_image -->
  <testcase classname="ALevelPrograms.A4_Information_Commands" name="google_image" time="0.000">
    <skipped/>
  </testcase> <!-- google_image -->
  <testcase classname="ALevelPrograms.A4_Information_Commands" name="google_image" time="0.000">
    <skipped/>
  </testcase> <!-- google_image -->
  <testcase classname="ALevelPrograms.A4_Information_Commands" name="search_button" time="0.000">
    <skipped/>
  </testcase> <!-- search_button -->
  <testcase classname="ALevelPrograms.A4_Information_Commands" name="search_button" time="0.000">
    <skipped/>
  </testcase> <!-- search_button -->
  <testcase classname="ALevelPrograms.A4_Information_Commands" name="search_button" time="0.000">
    <skipped/>
  </testcase> <!-- search_button -->
  <testcase classname="ALevelPrograms.A4_Information_Commands" name="search_button" time="0.000">
    <skipped/>
  </testcase> <!-- search_button -->
</testsuite> <!-- ALevelPrograms.A4_Information_Commands -->
