<?xml version="1.0" encoding="UTF-8"?>
<!-- Generated by org.testng.reporters.JUnitReportReporter -->
<testsuite hostname="DESKTOP-KRH0EH3" failures="0" tests="1" name="HIghLevel.B14_FlipkartGeneric" time="0.000" errors="0" timestamp="2023-09-02T13:43:00 IST" skipped="1">
  <testcase classname="HIghLevel.B14_FlipkartGeneric" name="clickable" time="0.000">
    <skipped/>
  </testcase> <!-- clickable -->
</testsuite> <!-- HIghLevel.B14_FlipkartGeneric -->
