<?xml version="1.0" encoding="UTF-8"?>
<!-- Generated by org.testng.reporters.JUnitReportReporter -->
<testsuite hostname="DESKTOP-KRH0EH3" failures="0" tests="1" name="ALevelPrograms.A7_OptionsValidation" time="1.630" errors="0" timestamp="2023-07-01T13:03:58 IST" skipped="0">
  <testcase classname="ALevelPrograms.A7_OptionsValidation" name="options" time="1.630"/>
</testsuite> <!-- ALevelPrograms.A7_OptionsValidation -->
