<?xml version="1.0" encoding="UTF-8"?>
<!-- Generated by org.testng.reporters.JUnitReportReporter -->
<testsuite hostname="DESKTOP-KRH0EH3" failures="0" tests="1" name="ALevelPrograms.A6_FirstSelectedOptions" time="0.359" errors="0" timestamp="2023-07-01T12:50:28 IST" skipped="0">
  <testcase classname="ALevelPrograms.A6_FirstSelectedOptions" name="f" time="0.359"/>
</testsuite> <!-- ALevelPrograms.A6_FirstSelectedOptions -->
