<?xml version="1.0" encoding="UTF-8"?>
<!-- Generated by org.testng.reporters.JUnitReportReporter -->
<testsuite hostname="DESKTOP-KRH0EH3" failures="0" tests="1" name="HIghLevel.B13_Assert_Verify2" time="0.584" errors="0" timestamp="2023-07-05T11:57:44 IST" skipped="0">
  <testcase classname="HIghLevel.B13_Assert_Verify2" name="f" time="0.584"/>
</testsuite> <!-- HIghLevel.B13_Assert_Verify2 -->
