<?xml version="1.0" encoding="UTF-8"?>
<!-- Generated by org.testng.reporters.JUnitReportReporter -->
<testsuite hostname="DESKTOP-KRH0EH3" failures="0" tests="1" name="HIghLevel.B18_DataDriven" time="7.541" errors="0" timestamp="2023-07-07T21:07:58 IST" skipped="0">
  <testcase classname="HIghLevel.B18_DataDriven" name="data" time="7.541"/>
</testsuite> <!-- HIghLevel.B18_DataDriven -->
