<?xml version="1.0" encoding="UTF-8"?>
<!-- Generated by org.testng.reporters.JUnitReportReporter -->
<testsuite hostname="DESKTOP-KRH0EH3" failures="0" tests="1" name="HIghLevel.B15_Frames" time="5.002" errors="0" timestamp="2023-07-05T12:18:08 IST" skipped="0">
  <testcase classname="HIghLevel.B15_Frames" name="f" time="5.002"/>
</testsuite> <!-- HIghLevel.B15_Frames -->
