<?xml version="1.0" encoding="UTF-8"?>
<!-- Generated by org.testng.reporters.JUnitReportReporter -->
<testsuite hostname="DESKTOP-KRH0EH3" failures="0" tests="1" name="ALevelPrograms.A5_ScreenShot" time="6.876" errors="0" timestamp="2023-07-01T12:18:01 IST" skipped="0">
  <testcase classname="ALevelPrograms.A5_ScreenShot" name="f" time="6.876"/>
</testsuite> <!-- ALevelPrograms.A5_ScreenShot -->
