<?xml version="1.0" encoding="UTF-8"?>
<!-- Generated by org.testng.reporters.JUnitReportReporter -->
<testsuite hostname="DESKTOP-KRH0EH3" failures="0" tests="1" name="ALevelPrograms.A8_Boolean_Oneway" time="3.465" errors="0" timestamp="2023-07-01T13:09:39 IST" skipped="0">
  <testcase classname="ALevelPrograms.A8_Boolean_Oneway" name="f" time="3.465"/>
</testsuite> <!-- ALevelPrograms.A8_Boolean_Oneway -->
