<?xml version="1.0" encoding="UTF-8"?>
<!-- Generated by org.testng.reporters.JUnitReportReporter -->
<testsuite hostname="DESKTOP-KRH0EH3" failures="0" tests="1" name="HIghLevel.B19_TestXLSX" time="18.120" errors="0" timestamp="2023-07-08T12:20:14 IST" skipped="0">
  <testcase classname="HIghLevel.B19_TestXLSX" name="XLSX" time="18.120"/>
</testsuite> <!-- HIghLevel.B19_TestXLSX -->
